z = 1134640

:     x     s    y    :=
0     .      0   .
1    164    30   1
2    180    92   1
3      0    59   0
4    360   234   2
5      0    87   0
6    180   123   1
7      0     0   0
8    318   137   2
9      0    90   0
10     0    16   0
11     0     0   0
12   357   242   2
13     0   133   0
14     0    26   0
15   180    97   1
16   180   151   1
17   360   336   2
18     0   192   0
19     0    70   0
20     0     0   0
21   135     0   1
22   176     0   1
23   174     0   1
24   146   115   1
25     0     0   0
26   170     0   1
27   163    55   1
28   180    82   1
29     0    65   0
30   180    96   1
31   180   128   1
32     0    81   0
33     0     8   0
34   180    39   1
35   180    58   1
36   180   192   1
37     0    13   0
38   180   176   1
39     0   136   0
40     0    15   0
41   180   155   1
42     0     0   0
43   251   135   2
44     0    46   0
45     0     0   0
46   160   123   1
47     0    43   0
48     0     5   0
49   180    99   1
50     0     5   0
51   360   251   2
52     0   157   0
53     0    76   0
54     0     0   0
55   165     0   1
56   150    50   1
57   180    81   1
58     0     9   0
59   180   128   1
60     0    26   0
61     0     0   0
62   124    24   1
63     0     0   0
64   321   190   2
65     0    91   0
66     0     0   0
67   132   112   1
68     0    36   0
69   180   112   1
70     0     0   0
71   302   142   2
72     0   105   0
73     0     0   0
74   287   224   2
75     0    65   0
76     0    26   0
77   180    62   1
78     0     0   0
79   305   134   2
80     0    78   0
81     0    10   0
82   180   144   1
83     0    40   0
84     0     0   0
85   177   162   1
86     0   101   0
87     0     5   0
88   180     0   1
89   155    22   1
90     0     0   0
;

